<?xml version="1.0" encoding="UTF-8"?>
<!-- Generated by org.testng.reporters.JUnitReportReporter -->
<testsuite hostname="kadamba-desktop" name="TestReport.Login_Test" tests="8" failures="0" timestamp="27 Jul 2018 10:24:22 GMT" time="28.886" errors="0">
  <testcase name="Test1" time="2.668" classname="TestReport.Login_Test"/>
  <testcase name="Test6" time="3.842" classname="TestReport.Login_Test"/>
  <testcase name="Test5" time="4.042" classname="TestReport.Login_Test"/>
  <testcase name="Test2" time="4.776" classname="TestReport.Login_Test"/>
  <testcase name="Test4" time="3.795" classname="TestReport.Login_Test"/>
  <testcase name="Test7" time="3.081" classname="TestReport.Login_Test"/>
  <testcase name="Test3" time="2.823" classname="TestReport.Login_Test"/>
  <testcase name="Test8" time="3.859" classname="TestReport.Login_Test"/>
</testsuite> <!-- TestReport.Login_Test -->
